2022-03-29 17:00:34 Energía Eléctrica de CFE Encendida
2022-03-29 17:00:34 Energía Eléctrica de Planta Apagada
2022-03-29 17:03:49 Energía Eléctrica de CFE Apagada
2022-03-29 17:03:49 Energía Eléctrica de Planta Encendida
2022-03-29 17:05:49 Energía Eléctrica de CFE Encendida
2022-03-29 17:05:49 Energía Eléctrica de Planta Apagada
2022-03-29 17:09:04 Energía Eléctrica de Planta Encendida
2022-03-29 17:09:04 Energía Eléctrica de CFE Apagada
2022-03-29 17:11:04 Energía Eléctrica de CFE Encendida
2022-03-29 17:11:04 Energía Eléctrica de Planta Apagada
2022-03-29 17:14:19 Energía Eléctrica de CFE Apagada
2022-03-29 17:14:19 Energía Eléctrica de Planta Encendida
2022-03-29 17:16:19 Energía Eléctrica de CFE Encendida
2022-03-29 17:16:19 Energía Eléctrica de Planta Apagada
2022-03-29 17:19:34 Energía Eléctrica de Planta Encendida
2022-03-29 17:19:34 Energía Eléctrica de CFE Apagada
2022-03-29 17:21:34 Energía Eléctrica de CFE Encendida
2022-03-29 17:21:34 Energía Eléctrica de Planta Apagada
2022-03-29 17:24:50 Energía Eléctrica de CFE Apagada
2022-03-29 17:24:50 Energía Eléctrica de Planta Encendida
2022-03-29 17:26:50 Energía Eléctrica de Planta Apagada
2022-03-29 17:26:50 Energía Eléctrica de CFE Encendida
2022-03-29 17:30:05 Energía Eléctrica de CFE Apagada
2022-03-29 17:30:05 Energía Eléctrica de Planta Encendida
2022-03-29 17:32:05 Energía Eléctrica de CFE Encendida
2022-03-29 17:32:05 Energía Eléctrica de Planta Apagada
2022-03-29 17:35:20 Energía Eléctrica de CFE Apagada
2022-03-29 17:35:20 Energía Eléctrica de Planta Encendida
2022-03-29 17:37:20 Energía Eléctrica de CFE Encendida
2022-03-29 17:37:20 Energía Eléctrica de Planta Apagada
2022-03-29 17:40:35 Energía Eléctrica de CFE Apagada
2022-03-29 17:40:35 Energía Eléctrica de Planta Encendida
2022-03-29 17:42:35 Energía Eléctrica de CFE Encendida
2022-03-29 17:42:35 Energía Eléctrica de Planta Apagada
2022-03-29 17:45:50 Energía Eléctrica de Planta Encendida
2022-03-29 17:45:50 Energía Eléctrica de CFE Apagada
2022-03-29 17:47:50 Energía Eléctrica de Planta Apagada
2022-03-29 17:47:50 Energía Eléctrica de CFE Encendida
2022-03-29 17:51:05 Energía Eléctrica de CFE Apagada
2022-03-29 17:51:05 Energía Eléctrica de Planta Encendida
2022-03-29 17:53:06 Energía Eléctrica de CFE Encendida
2022-03-29 17:53:06 Energía Eléctrica de Planta Apagada
2022-03-29 17:56:21 Energía Eléctrica de CFE Apagada
2022-03-29 17:56:21 Energía Eléctrica de Planta Encendida
2022-03-29 17:58:21 Energía Eléctrica de CFE Encendida
2022-03-29 17:58:21 Energía Eléctrica de Planta Apagada
2022-03-29 18:01:36 Energía Eléctrica de CFE Apagada
2022-03-29 18:01:36 Energía Eléctrica de Planta Encendida
2022-03-29 18:03:36 Energía Eléctrica de CFE Encendida
2022-03-29 18:03:36 Energía Eléctrica de Planta Apagada
2022-03-29 18:06:51 Energía Eléctrica de Planta Encendida
2022-03-29 18:06:51 Energía Eléctrica de CFE Apagada
2022-03-29 18:08:51 Energía Eléctrica de CFE Encendida
2022-03-29 18:08:51 Energía Eléctrica de Planta Apagada
2022-03-29 18:12:07 Energía Eléctrica de CFE Apagada
2022-03-29 18:12:07 Energía Eléctrica de Planta Encendida
2022-03-29 18:14:09 Energía Eléctrica de CFE Encendida
2022-03-29 18:14:09 Energía Eléctrica de Planta Apagada
2022-03-29 18:17:24 Energía Eléctrica de Planta Encendida
2022-03-29 18:17:24 Energía Eléctrica de CFE Apagada
2022-03-29 18:19:24 Energía Eléctrica de Planta Apagada
2022-03-29 18:19:24 Energía Eléctrica de CFE Encendida
2022-03-29 18:22:39 Energía Eléctrica de Planta Encendida
2022-03-29 18:22:39 Energía Eléctrica de CFE Apagada
2022-03-29 18:24:39 Energía Eléctrica de Planta Apagada
2022-03-29 18:24:39 Energía Eléctrica de CFE Encendida
2022-03-29 18:27:54 Energía Eléctrica de Planta Encendida
2022-03-29 18:27:54 Energía Eléctrica de CFE Apagada
2022-03-29 18:29:54 Energía Eléctrica de CFE Encendida
2022-03-29 18:29:54 Energía Eléctrica de Planta Apagada
2022-03-29 18:33:10 Energía Eléctrica de CFE Apagada
2022-03-29 18:33:10 Energía Eléctrica de Planta Encendida
2022-03-29 18:35:10 Energía Eléctrica de Planta Apagada
2022-03-29 18:35:10 Energía Eléctrica de CFE Encendida
2022-03-29 18:38:25 Energía Eléctrica de CFE Apagada
2022-03-29 18:38:25 Energía Eléctrica de Planta Encendida
2022-03-29 18:40:25 Energía Eléctrica de CFE Encendida
2022-03-29 18:40:25 Energía Eléctrica de Planta Apagada
2022-03-29 18:43:40 Energía Eléctrica de CFE Apagada
2022-03-29 18:43:40 Energía Eléctrica de Planta Encendida
2022-03-29 18:45:40 Energía Eléctrica de CFE Encendida
2022-03-29 18:45:40 Energía Eléctrica de Planta Apagada
2022-03-29 18:48:55 Energía Eléctrica de Planta Encendida
2022-03-29 18:48:55 Energía Eléctrica de CFE Apagada
2022-03-29 18:50:55 Energía Eléctrica de CFE Encendida
2022-03-29 18:50:55 Energía Eléctrica de Planta Apagada
2022-03-29 18:54:10 Energía Eléctrica de CFE Apagada
2022-03-29 18:54:10 Energía Eléctrica de Planta Encendida
2022-03-29 18:56:10 Energía Eléctrica de CFE Encendida
2022-03-29 18:56:10 Energía Eléctrica de Planta Apagada
2022-03-29 18:59:26 Energía Eléctrica de Planta Encendida
2022-03-29 18:59:26 Energía Eléctrica de CFE Apagada
2022-03-29 19:01:26 Energía Eléctrica de Planta Apagada
2022-03-29 19:01:26 Energía Eléctrica de CFE Encendida
2022-03-29 19:04:41 Energía Eléctrica de Planta Encendida
2022-03-29 19:04:41 Energía Eléctrica de CFE Apagada
2022-03-29 19:06:41 Energía Eléctrica de Planta Apagada
2022-03-29 19:06:41 Energía Eléctrica de CFE Encendida
2022-03-29 19:09:56 Energía Eléctrica de Planta Encendida
2022-03-29 19:09:56 Energía Eléctrica de CFE Apagada
2022-03-29 19:11:56 Energía Eléctrica de Planta Apagada
2022-03-29 19:11:56 Energía Eléctrica de CFE Encendida
2022-03-29 19:15:11 Energía Eléctrica de Planta Encendida
2022-03-29 19:15:11 Energía Eléctrica de CFE Apagada
2022-03-29 19:17:11 Energía Eléctrica de Planta Apagada
2022-03-29 19:17:11 Energía Eléctrica de CFE Encendida
2022-03-29 19:20:26 Energía Eléctrica de CFE Apagada
2022-03-29 19:20:26 Energía Eléctrica de Planta Encendida
2022-03-29 19:22:26 Energía Eléctrica de Planta Apagada
2022-03-29 19:22:26 Energía Eléctrica de CFE Encendida
2022-03-29 19:25:41 Energía Eléctrica de Planta Encendida
2022-03-29 19:25:41 Energía Eléctrica de CFE Apagada
2022-03-29 19:27:41 Energía Eléctrica de CFE Encendida
2022-03-29 19:27:41 Energía Eléctrica de Planta Apagada
2022-03-29 19:30:57 Energía Eléctrica de Planta Encendida
2022-03-29 19:30:57 Energía Eléctrica de CFE Apagada
2022-03-29 19:32:57 Energía Eléctrica de Planta Apagada
2022-03-29 19:32:57 Energía Eléctrica de CFE Encendida
2022-03-29 19:36:12 Energía Eléctrica de Planta Encendida
2022-03-29 19:36:12 Energía Eléctrica de CFE Apagada
2022-03-29 19:38:12 Energía Eléctrica de CFE Encendida
2022-03-29 19:38:12 Energía Eléctrica de Planta Apagada
2022-03-29 19:41:27 Energía Eléctrica de CFE Apagada
2022-03-29 19:41:27 Energía Eléctrica de Planta Encendida
2022-03-29 19:43:27 Energía Eléctrica de CFE Encendida
2022-03-29 19:43:27 Energía Eléctrica de Planta Apagada
2022-03-29 19:46:42 Energía Eléctrica de CFE Apagada
2022-03-29 19:46:42 Energía Eléctrica de Planta Encendida
2022-03-29 19:48:42 Energía Eléctrica de Planta Apagada
2022-03-29 19:48:42 Energía Eléctrica de CFE Encendida
2022-03-29 19:51:57 Energía Eléctrica de Planta Encendida
2022-03-29 19:51:57 Energía Eléctrica de CFE Apagada
2022-03-29 19:53:57 Energía Eléctrica de Planta Apagada
2022-03-29 19:53:57 Energía Eléctrica de CFE Encendida
2022-03-29 19:57:12 Energía Eléctrica de CFE Apagada
2022-03-29 19:57:12 Energía Eléctrica de Planta Encendida
2022-03-29 19:59:12 Energía Eléctrica de Planta Apagada
2022-03-29 19:59:12 Energía Eléctrica de CFE Encendida
2022-03-29 20:02:28 Energía Eléctrica de CFE Apagada
2022-03-29 20:02:28 Energía Eléctrica de Planta Encendida
2022-03-29 20:04:28 Energía Eléctrica de CFE Encendida
2022-03-29 20:04:28 Energía Eléctrica de Planta Apagada
2022-03-29 20:07:43 Energía Eléctrica de CFE Apagada
2022-03-29 20:07:43 Energía Eléctrica de Planta Encendida
2022-03-29 20:09:43 Energía Eléctrica de CFE Encendida
2022-03-29 20:09:43 Energía Eléctrica de Planta Apagada
2022-03-29 20:12:58 Energía Eléctrica de CFE Apagada
2022-03-29 20:12:58 Energía Eléctrica de Planta Encendida
2022-03-29 20:14:58 Energía Eléctrica de CFE Encendida
2022-03-29 20:14:58 Energía Eléctrica de Planta Apagada
2022-03-29 20:18:13 Energía Eléctrica de CFE Apagada
2022-03-29 20:18:13 Energía Eléctrica de Planta Encendida
2022-03-29 20:20:13 Energía Eléctrica de CFE Encendida
2022-03-29 20:20:13 Energía Eléctrica de Planta Apagada
2022-03-29 20:23:28 Energía Eléctrica de CFE Apagada
2022-03-29 20:23:28 Energía Eléctrica de Planta Encendida
2022-03-29 20:25:28 Energía Eléctrica de CFE Encendida
2022-03-29 20:25:28 Energía Eléctrica de Planta Apagada
2022-03-29 20:28:43 Energía Eléctrica de CFE Apagada
2022-03-29 20:28:43 Energía Eléctrica de Planta Encendida
2022-03-29 20:30:43 Energía Eléctrica de CFE Encendida
2022-03-29 20:30:43 Energía Eléctrica de Planta Apagada
2022-03-29 20:33:59 Energía Eléctrica de CFE Apagada
2022-03-29 20:33:59 Energía Eléctrica de Planta Encendida
2022-03-29 20:35:59 Energía Eléctrica de CFE Encendida
2022-03-29 20:35:59 Energía Eléctrica de Planta Apagada
2022-03-29 20:39:14 Energía Eléctrica de Planta Encendida
2022-03-29 20:39:14 Energía Eléctrica de CFE Apagada
2022-03-29 20:41:14 Energía Eléctrica de Planta Apagada
2022-03-29 20:41:14 Energía Eléctrica de CFE Encendida
2022-03-29 20:44:29 Energía Eléctrica de CFE Apagada
2022-03-29 20:44:29 Energía Eléctrica de Planta Encendida
2022-03-29 20:46:29 Energía Eléctrica de CFE Encendida
2022-03-29 20:46:29 Energía Eléctrica de Planta Apagada
2022-03-29 20:49:44 Energía Eléctrica de Planta Encendida
2022-03-29 20:49:44 Energía Eléctrica de CFE Apagada
2022-03-29 20:51:44 Energía Eléctrica de CFE Encendida
2022-03-29 20:51:44 Energía Eléctrica de Planta Apagada
2022-03-29 20:54:59 Energía Eléctrica de CFE Apagada
2022-03-29 20:54:59 Energía Eléctrica de Planta Encendida
2022-03-29 20:56:59 Energía Eléctrica de CFE Encendida
2022-03-29 20:56:59 Energía Eléctrica de Planta Apagada
2022-03-29 21:00:14 Energía Eléctrica de CFE Apagada
2022-03-29 21:00:14 Energía Eléctrica de Planta Encendida
2022-03-29 21:02:14 Energía Eléctrica de CFE Encendida
2022-03-29 21:02:14 Energía Eléctrica de Planta Apagada
2022-03-29 21:05:30 Energía Eléctrica de CFE Apagada
2022-03-29 21:05:30 Energía Eléctrica de Planta Encendida
2022-03-29 21:07:30 Energía Eléctrica de Planta Apagada
2022-03-29 21:07:30 Energía Eléctrica de CFE Encendida
2022-03-29 21:10:45 Energía Eléctrica de Planta Encendida
2022-03-29 21:10:45 Energía Eléctrica de CFE Apagada
2022-03-29 21:12:45 Energía Eléctrica de CFE Encendida
2022-03-29 21:12:45 Energía Eléctrica de Planta Apagada
2022-03-29 21:16:00 Energía Eléctrica de Planta Encendida
2022-03-29 21:16:00 Energía Eléctrica de CFE Apagada
2022-03-29 21:18:00 Energía Eléctrica de Planta Apagada
2022-03-29 21:18:00 Energía Eléctrica de CFE Encendida
2022-03-29 21:21:15 Energía Eléctrica de CFE Apagada
2022-03-29 21:21:15 Energía Eléctrica de Planta Encendida
2022-03-29 21:23:15 Energía Eléctrica de Planta Apagada
2022-03-29 21:23:15 Energía Eléctrica de CFE Encendida
2022-03-29 21:26:30 Energía Eléctrica de CFE Apagada
2022-03-29 21:26:30 Energía Eléctrica de Planta Encendida
2022-03-29 21:28:30 Energía Eléctrica de CFE Encendida
2022-03-29 21:28:30 Energía Eléctrica de Planta Apagada
2022-03-29 21:31:45 Energía Eléctrica de CFE Apagada
2022-03-29 21:31:45 Energía Eléctrica de Planta Encendida
2022-03-29 21:33:45 Energía Eléctrica de CFE Encendida
2022-03-29 21:33:45 Energía Eléctrica de Planta Apagada
2022-03-29 21:37:01 Energía Eléctrica de CFE Apagada
2022-03-29 21:37:01 Energía Eléctrica de Planta Encendida
2022-03-29 21:39:01 Energía Eléctrica de CFE Encendida
2022-03-29 21:39:01 Energía Eléctrica de Planta Apagada
2022-03-29 21:42:16 Energía Eléctrica de CFE Apagada
2022-03-29 21:42:16 Energía Eléctrica de Planta Encendida
2022-03-29 21:44:16 Energía Eléctrica de CFE Encendida
2022-03-29 21:44:16 Energía Eléctrica de Planta Apagada
2022-03-29 21:47:31 Energía Eléctrica de CFE Apagada
2022-03-29 21:47:31 Energía Eléctrica de Planta Encendida
2022-03-29 21:49:31 Energía Eléctrica de Planta Apagada
2022-03-29 21:49:31 Energía Eléctrica de CFE Encendida
2022-03-29 21:52:46 Energía Eléctrica de CFE Apagada
2022-03-29 21:52:46 Energía Eléctrica de Planta Encendida
2022-03-29 21:54:46 Energía Eléctrica de Planta Apagada
2022-03-29 21:54:46 Energía Eléctrica de CFE Encendida
2022-03-29 21:58:01 Energía Eléctrica de CFE Apagada
2022-03-29 21:58:01 Energía Eléctrica de Planta Encendida
2022-03-29 22:00:01 Energía Eléctrica de CFE Encendida
2022-03-29 22:00:01 Energía Eléctrica de Planta Apagada
2022-03-29 22:03:16 Energía Eléctrica de Planta Encendida
2022-03-29 22:03:16 Energía Eléctrica de CFE Apagada
2022-03-29 22:05:16 Energía Eléctrica de CFE Encendida
2022-03-29 22:05:16 Energía Eléctrica de Planta Apagada
2022-03-29 22:08:32 Energía Eléctrica de CFE Apagada
2022-03-29 22:08:32 Energía Eléctrica de Planta Encendida
2022-03-29 22:10:32 Energía Eléctrica de CFE Encendida
2022-03-29 22:10:32 Energía Eléctrica de Planta Apagada
2022-03-29 22:13:47 Energía Eléctrica de Planta Encendida
2022-03-29 22:13:47 Energía Eléctrica de CFE Apagada
2022-03-29 22:15:47 Energía Eléctrica de Planta Apagada
2022-03-29 22:15:47 Energía Eléctrica de CFE Encendida
2022-03-29 22:19:02 Energía Eléctrica de CFE Apagada
2022-03-29 22:19:02 Energía Eléctrica de Planta Encendida
2022-03-29 22:21:02 Energía Eléctrica de Planta Apagada
2022-03-29 22:21:02 Energía Eléctrica de CFE Encendida
2022-03-29 22:24:17 Energía Eléctrica de CFE Apagada
2022-03-29 22:24:17 Energía Eléctrica de Planta Encendida
2022-03-29 22:26:17 Energía Eléctrica de CFE Encendida
2022-03-29 22:26:17 Energía Eléctrica de Planta Apagada
2022-03-29 22:29:32 Energía Eléctrica de CFE Apagada
2022-03-29 22:29:32 Energía Eléctrica de Planta Encendida
2022-03-29 22:31:32 Energía Eléctrica de CFE Encendida
2022-03-29 22:31:32 Energía Eléctrica de Planta Apagada
2022-03-29 22:34:47 Energía Eléctrica de CFE Apagada
2022-03-29 22:34:47 Energía Eléctrica de Planta Encendida
2022-03-29 22:36:47 Energía Eléctrica de CFE Encendida
2022-03-29 22:36:47 Energía Eléctrica de Planta Apagada
2022-03-29 22:40:02 Energía Eléctrica de CFE Apagada
2022-03-29 22:40:02 Energía Eléctrica de Planta Encendida
2022-03-29 22:42:03 Energía Eléctrica de CFE Encendida
2022-03-29 22:42:03 Energía Eléctrica de Planta Apagada
2022-03-29 22:45:18 Energía Eléctrica de CFE Apagada
2022-03-29 22:45:18 Energía Eléctrica de Planta Encendida
2022-03-29 22:47:18 Energía Eléctrica de Planta Apagada
2022-03-29 22:47:18 Energía Eléctrica de CFE Encendida
2022-03-29 22:50:33 Energía Eléctrica de CFE Apagada
2022-03-29 22:50:33 Energía Eléctrica de Planta Encendida
2022-03-29 22:52:43 Energía Eléctrica de CFE Encendida
2022-03-29 22:52:43 Energía Eléctrica de Planta Apagada
2022-03-29 22:52:43 Energía Eléctrica de Carga Encendida
2022-03-29 22:54:26 Energía Eléctrica de CFE Encendida
2022-03-29 22:54:26 Energía Eléctrica de Planta Apagada
2022-03-29 22:54:26 Energía Eléctrica de Carga Encendida
2022-03-29 22:55:21 Energía Eléctrica de CFE Encendida
2022-03-29 22:55:21 Energía Eléctrica de Planta Apagada
2022-03-29 22:55:21 Energía Eléctrica de Carga Encendida
2022-03-29 22:56:04 Energía Eléctrica de CFE Encendida
2022-03-29 22:56:04 Energía Eléctrica de Planta Apagada
2022-03-29 22:56:04 Energía Eléctrica de Carga Encendida
2022-03-29 22:56:35 Energía Eléctrica de CFE Encendida
2022-03-29 22:56:35 Energía Eléctrica de Planta Apagada
2022-03-29 22:56:35 Energía Eléctrica de Carga Encendida
2022-03-29 22:58:05 Energía Eléctrica de CFE Apagada
2022-03-29 22:58:05 Energía Eléctrica de Planta Encendida
2022-03-29 22:58:30 Energía Eléctrica de CFE Encendida
2022-03-29 22:58:30 Energía Eléctrica de Planta Apagada
2022-03-29 22:58:30 Energía Eléctrica de Carga Encendida
2022-03-29 22:58:58 Energía Eléctrica de Planta Apagada
2022-03-29 22:58:58 Energía Eléctrica de CFE Encendida
2022-03-29 22:58:58 Energía Eléctrica de Carga Encendida
2022-03-29 22:59:18 Energía Eléctrica de Planta Apagada
2022-03-29 22:59:18 Energía Eléctrica de Carga Encendida
2022-03-29 22:59:18 Energía Eléctrica de CFE Encendida
2022-03-29 23:00:00 Energía Eléctrica de Planta Apagada
2022-03-29 23:00:00 Energía Eléctrica de CFE Encendida
2022-03-29 23:00:00 Energía Eléctrica de Carga Encendida
2022-03-29 23:01:06 Energía Eléctrica de CFE Encendida
2022-03-29 23:01:06 Energía Eléctrica de Planta Apagada
2022-03-29 23:01:06 Energía Eléctrica de Carga Encendida
2022-03-29 23:02:12 Energía Eléctrica de CFE Encendida
2022-03-29 23:02:12 Energía Eléctrica de Planta Apagada
2022-03-29 23:02:12 Energía Eléctrica de Carga Encendida
2022-03-29 23:03:04 Energía Eléctrica de CFE Encendida
2022-03-29 23:03:04 Energía Eléctrica de Planta Apagada
2022-03-29 23:03:04 Energía Eléctrica de Carga Encendida
2022-03-29 23:19:49 Energía Eléctrica de CFE Encendida
2022-03-29 23:19:49 Energía Eléctrica de Planta Apagada
2022-03-29 23:19:49 Energía Eléctrica de Carga Encendida
2022-03-29 23:29:33 Energía Eléctrica de CFE Encendida
2022-03-29 23:29:33 Energía Eléctrica de Planta Apagada
2022-03-29 23:29:33 Energía Eléctrica de Carga Encendida
2022-03-29 23:31:20 Energía Eléctrica de CFE Encendida
2022-03-29 23:31:20 Energía Eléctrica de Planta Apagada
2022-03-29 23:31:20 Energía Eléctrica de Carga Encendida
2022-03-29 23:33:03 Energía Eléctrica de CFE Encendida
2022-03-29 23:33:03 Energía Eléctrica de Carga Encendida
2022-03-29 23:33:03 Energía Eléctrica de Planta Apagada
2022-03-29 23:34:42 Energía Eléctrica de CFE Encendida
2022-03-29 23:34:42 Energía Eléctrica de Carga Encendida
2022-03-29 23:34:42 Energía Eléctrica de Planta Apagada
2022-03-29 23:36:12 Energía Eléctrica de CFE Apagada
2022-03-29 23:36:12 Energía Eléctrica de Planta Encendida
2022-03-29 23:37:50 Energía Eléctrica de CFE Encendida
2022-03-29 23:37:50 Energía Eléctrica de Planta Apagada
2022-03-29 23:37:50 Energía Eléctrica de Carga Encendida
2022-03-29 23:39:20 Energía Eléctrica de CFE Apagada
2022-03-29 23:39:20 Energía Eléctrica de Planta Encendida
2022-03-29 23:41:25 Energía Eléctrica de CFE Encendida
2022-03-29 23:41:25 Energía Eléctrica de Planta Apagada
2022-03-29 23:41:25 Energía Eléctrica de Carga Encendida
2022-03-29 23:42:55 Energía Eléctrica de Planta Encendida
2022-03-29 23:42:55 Energía Eléctrica de CFE Apagada
2022-03-29 23:43:42 Energía Eléctrica de CFE Encendida
2022-03-29 23:43:42 Energía Eléctrica de Planta Apagada
2022-03-29 23:43:42 Energía Eléctrica de Carga Encendida
