2022-03-29 00:00:52 Energía Eléctrica de Planta Apagada
2022-03-29 00:00:52 Energía Eléctrica de CFE Encendida
2022-03-29 00:00:52 Energía Eléctrica de Carga Encendida
2022-03-29 00:04:20 Energía Eléctrica de Planta Apagada
2022-03-29 00:04:20 Energía Eléctrica de CFE Encendida
2022-03-29 00:04:20 Energía Eléctrica de Carga Encendida
2022-03-29 00:05:03 Energía Eléctrica de CFE Encendida
2022-03-29 00:05:03 Energía Eléctrica de Planta Apagada
2022-03-29 00:05:03 Energía Eléctrica de Carga Encendida
2022-03-29 00:12:42 Energía Eléctrica de Planta Apagada
2022-03-29 00:12:42 Energía Eléctrica de CFE Encendida
2022-03-29 00:12:42 Energía Eléctrica de Carga Encendida
2022-03-29 00:18:07 Energía Eléctrica de CFE Encendida
2022-03-29 00:18:07 Energía Eléctrica de Planta Apagada
2022-03-29 00:18:07 Energía Eléctrica de Carga Encendida
2022-03-29 00:20:22 Energía Eléctrica de CFE Encendida
2022-03-29 00:20:22 Energía Eléctrica de Planta Apagada
2022-03-29 00:20:22 Energía Eléctrica de Carga Encendida
2022-03-29 00:21:20 Energía Eléctrica de Planta Apagada
2022-03-29 00:21:20 Energía Eléctrica de CFE Encendida
2022-03-29 00:21:20 Energía Eléctrica de Carga Encendida
2022-03-29 00:26:06 Energía Eléctrica de CFE Encendida
2022-03-29 00:26:06 Energía Eléctrica de Planta Apagada
2022-03-29 00:26:06 Energía Eléctrica de Carga Encendida
2022-03-29 00:27:53 Energía Eléctrica de Planta Apagada
2022-03-29 00:27:53 Energía Eléctrica de CFE Encendida
2022-03-29 00:27:53 Energía Eléctrica de Carga Encendida
2022-03-29 00:31:37 Energía Eléctrica de CFE Encendida
2022-03-29 00:31:37 Energía Eléctrica de Planta Apagada
2022-03-29 00:31:37 Energía Eléctrica de Carga Encendida
2022-03-29 00:35:15 Energía Eléctrica de CFE Apagada
2022-03-29 00:35:15 Energía Eléctrica de Planta Encendida
2022-03-29 00:35:15 Energía Eléctrica de Carga Encendida
2022-03-29 00:36:03 Energía Eléctrica de CFE Encendida
2022-03-29 00:36:03 Energía Eléctrica de Planta Apagada
2022-03-29 00:36:03 Energía Eléctrica de Carga Encendida
2022-03-29 00:41:31 Energía Eléctrica de CFE Encendida
2022-03-29 00:41:31 Energía Eléctrica de Planta Apagada
2022-03-29 00:41:31 Energía Eléctrica de Carga Encendida
2022-03-29 00:42:15 Energía Eléctrica de Planta Encendida
2022-03-29 00:42:15 Energía Eléctrica de CFE Apagada
2022-03-29 00:42:15 Energía Eléctrica de Carga Encendida
2022-03-29 00:52:36 Energía Eléctrica de Planta Encendida
2022-03-29 00:52:36 Energía Eléctrica de CFE Apagada
2022-03-29 00:52:36 Energía Eléctrica de Carga Encendida
2022-03-29 00:52:51 Energía Eléctrica de CFE Encendida
2022-03-29 00:52:51 Energía Eléctrica de Planta Apagada
2022-03-29 00:53:21 Energía Eléctrica de CFE Apagada
2022-03-29 00:53:21 Energía Eléctrica de Planta Encendida
2022-03-29 00:53:36 Energía Eléctrica de CFE Encendida
2022-03-29 00:53:36 Energía Eléctrica de Planta Apagada
2022-03-29 00:54:06 Energía Eléctrica de CFE Apagada
2022-03-29 00:54:06 Energía Eléctrica de Planta Encendida
2022-03-29 02:26:08 Energía Eléctrica de CFE Apagada
2022-03-29 02:26:08 Energía Eléctrica de Carga Encendida
2022-03-29 02:26:08 Energía Eléctrica de Planta Encendida
2022-03-29 02:26:22 Energía Eléctrica de Planta Apagada
2022-03-29 02:26:22 Energía Eléctrica de CFE Encendida
2022-03-29 02:26:52 Energía Eléctrica de CFE Apagada
2022-03-29 02:26:52 Energía Eléctrica de Planta Encendida
2022-03-29 02:27:51 Energía Eléctrica de Planta Encendida
2022-03-29 02:27:51 Energía Eléctrica de CFE Apagada
2022-03-29 02:27:51 Energía Eléctrica de Carga Encendida
2022-03-29 02:28:06 Energía Eléctrica de CFE Encendida
2022-03-29 02:28:06 Energía Eléctrica de Planta Apagada
2022-03-29 02:28:36 Energía Eléctrica de CFE Apagada
2022-03-29 02:28:36 Energía Eléctrica de Planta Encendida
2022-03-29 02:28:51 Energía Eléctrica de Planta Apagada
2022-03-29 02:28:51 Energía Eléctrica de CFE Encendida
2022-03-29 02:29:21 Energía Eléctrica de CFE Apagada
2022-03-29 02:29:21 Energía Eléctrica de Planta Encendida
2022-03-29 02:29:46 Energía Eléctrica de CFE Apagada
2022-03-29 02:29:46 Energía Eléctrica de Planta Encendida
2022-03-29 02:29:46 Energía Eléctrica de Carga Encendida
2022-03-29 02:30:01 Energía Eléctrica de CFE Encendida
2022-03-29 02:30:01 Energía Eléctrica de Planta Apagada
2022-03-29 02:31:19 Energía Eléctrica de CFE Encendida
2022-03-29 02:31:19 Energía Eléctrica de Planta Apagada
2022-03-29 02:31:19 Energía Eléctrica de Carga Encendida
2022-03-29 02:33:33 Energía Eléctrica de CFE Apagada
2022-03-29 02:33:33 Energía Eléctrica de Planta Encendida
2022-03-29 02:33:48 Energía Eléctrica de CFE Encendida
2022-03-29 02:33:48 Energía Eléctrica de Planta Apagada
2022-03-29 02:35:40 Energía Eléctrica de CFE Encendida
2022-03-29 02:35:40 Energía Eléctrica de Planta Apagada
2022-03-29 02:35:40 Energía Eléctrica de Carga Encendida
2022-03-29 02:37:55 Energía Eléctrica de Planta Encendida
2022-03-29 02:37:55 Energía Eléctrica de CFE Apagada
2022-03-29 02:40:18 Energía Eléctrica de CFE Encendida
2022-03-29 02:40:18 Energía Eléctrica de Planta Apagada
2022-03-29 02:40:18 Energía Eléctrica de Carga Encendida
2022-03-29 02:41:03 Energía Eléctrica de CFE Apagada
2022-03-29 02:41:03 Energía Eléctrica de Planta Encendida
2022-03-29 02:41:18 Energía Eléctrica de CFE Encendida
2022-03-29 02:41:18 Energía Eléctrica de Planta Apagada
2022-03-29 02:45:28 Energía Eléctrica de Planta Apagada
2022-03-29 02:45:28 Energía Eléctrica de CFE Encendida
2022-03-29 02:45:28 Energía Eléctrica de Carga Encendida
2022-03-29 02:46:28 Energía Eléctrica de CFE Apagada
2022-03-29 02:46:28 Energía Eléctrica de Planta Encendida
2022-03-29 02:46:43 Energía Eléctrica de CFE Encendida
2022-03-29 02:46:43 Energía Eléctrica de Planta Apagada
2022-03-29 02:47:43 Energía Eléctrica de CFE Apagada
2022-03-29 02:47:43 Energía Eléctrica de Planta Encendida
2022-03-29 02:47:58 Energía Eléctrica de Planta Apagada
2022-03-29 02:47:58 Energía Eléctrica de CFE Encendida
2022-03-29 02:50:30 Energía Eléctrica de Planta Apagada
2022-03-29 02:50:30 Energía Eléctrica de CFE Encendida
2022-03-29 02:50:30 Energía Eléctrica de Carga Encendida
2022-03-29 02:51:00 Energía Eléctrica de CFE Apagada
2022-03-29 02:51:00 Energía Eléctrica de Planta Encendida
2022-03-29 02:51:15 Energía Eléctrica de CFE Encendida
2022-03-29 02:51:15 Energía Eléctrica de Planta Apagada
2022-03-29 02:52:00 Energía Eléctrica de Planta Encendida
2022-03-29 02:52:00 Energía Eléctrica de CFE Apagada
2022-03-29 02:52:15 Energía Eléctrica de CFE Encendida
2022-03-29 02:52:15 Energía Eléctrica de Planta Apagada
2022-03-29 02:57:28 Energía Eléctrica de CFE Encendida
2022-03-29 02:57:28 Energía Eléctrica de Planta Apagada
2022-03-29 02:57:28 Energía Eléctrica de Carga Encendida
2022-03-29 02:58:58 Energía Eléctrica de Planta Encendida
2022-03-29 02:58:58 Energía Eléctrica de CFE Apagada
2022-03-29 02:59:13 Energía Eléctrica de CFE Encendida
2022-03-29 02:59:13 Energía Eléctrica de Planta Apagada
2022-03-29 03:04:09 Energía Eléctrica de CFE Encendida
2022-03-29 03:04:09 Energía Eléctrica de Planta Apagada
2022-03-29 03:04:09 Energía Eléctrica de Carga Encendida
2022-03-29 03:05:39 Energía Eléctrica de CFE Apagada
2022-03-29 03:05:39 Energía Eléctrica de Planta Encendida
2022-03-29 03:07:39 Energía Eléctrica de Planta Apagada
2022-03-29 03:07:39 Energía Eléctrica de CFE Encendida
2022-03-29 03:10:54 Energía Eléctrica de CFE Apagada
2022-03-29 03:10:54 Energía Eléctrica de Planta Encendida
2022-03-29 03:12:54 Energía Eléctrica de CFE Encendida
2022-03-29 03:12:54 Energía Eléctrica de Planta Apagada
2022-03-29 03:16:09 Energía Eléctrica de CFE Apagada
2022-03-29 03:16:09 Energía Eléctrica de Planta Encendida
2022-03-29 03:18:09 Energía Eléctrica de Planta Apagada
2022-03-29 03:18:09 Energía Eléctrica de CFE Encendida
2022-03-29 03:21:24 Energía Eléctrica de CFE Apagada
2022-03-29 03:21:24 Energía Eléctrica de Planta Encendida
2022-03-29 03:23:24 Energía Eléctrica de CFE Encendida
2022-03-29 03:23:24 Energía Eléctrica de Planta Apagada
2022-03-29 03:26:39 Energía Eléctrica de Planta Encendida
2022-03-29 03:26:39 Energía Eléctrica de CFE Apagada
2022-03-29 03:28:39 Energía Eléctrica de CFE Encendida
2022-03-29 03:28:39 Energía Eléctrica de Planta Apagada
2022-03-29 03:31:55 Energía Eléctrica de CFE Apagada
2022-03-29 03:31:55 Energía Eléctrica de Planta Encendida
2022-03-29 03:33:55 Energía Eléctrica de CFE Encendida
2022-03-29 03:33:55 Energía Eléctrica de Planta Apagada
2022-03-29 03:37:10 Energía Eléctrica de CFE Apagada
2022-03-29 03:37:10 Energía Eléctrica de Planta Encendida
2022-03-29 03:39:10 Energía Eléctrica de Planta Apagada
2022-03-29 03:39:10 Energía Eléctrica de CFE Encendida
2022-03-29 03:42:25 Energía Eléctrica de CFE Apagada
2022-03-29 03:42:25 Energía Eléctrica de Planta Encendida
2022-03-29 03:44:25 Energía Eléctrica de CFE Encendida
2022-03-29 03:44:25 Energía Eléctrica de Planta Apagada
2022-03-29 03:47:40 Energía Eléctrica de Planta Encendida
2022-03-29 03:47:40 Energía Eléctrica de CFE Apagada
2022-03-29 03:49:40 Energía Eléctrica de Planta Apagada
2022-03-29 03:49:40 Energía Eléctrica de CFE Encendida
2022-03-29 03:52:55 Energía Eléctrica de Planta Encendida
2022-03-29 03:52:55 Energía Eléctrica de CFE Apagada
2022-03-29 03:54:56 Energía Eléctrica de CFE Encendida
2022-03-29 03:54:56 Energía Eléctrica de Planta Apagada
2022-03-29 03:58:11 Energía Eléctrica de Planta Encendida
2022-03-29 03:58:11 Energía Eléctrica de CFE Apagada
2022-03-29 04:00:11 Energía Eléctrica de Planta Apagada
2022-03-29 04:00:11 Energía Eléctrica de CFE Encendida
2022-03-29 04:03:26 Energía Eléctrica de CFE Apagada
2022-03-29 04:03:26 Energía Eléctrica de Planta Encendida
2022-03-29 04:05:26 Energía Eléctrica de CFE Encendida
2022-03-29 04:05:26 Energía Eléctrica de Planta Apagada
2022-03-29 04:08:41 Energía Eléctrica de Planta Encendida
2022-03-29 04:08:41 Energía Eléctrica de CFE Apagada
2022-03-29 04:10:41 Energía Eléctrica de Planta Apagada
2022-03-29 04:10:41 Energía Eléctrica de CFE Encendida
2022-03-29 04:13:56 Energía Eléctrica de Planta Encendida
2022-03-29 04:13:56 Energía Eléctrica de CFE Apagada
2022-03-29 04:15:56 Energía Eléctrica de CFE Encendida
2022-03-29 04:15:56 Energía Eléctrica de Planta Apagada
2022-03-29 04:19:11 Energía Eléctrica de CFE Apagada
2022-03-29 04:19:11 Energía Eléctrica de Planta Encendida
2022-03-29 04:21:12 Energía Eléctrica de Planta Apagada
2022-03-29 04:21:12 Energía Eléctrica de CFE Encendida
2022-03-29 04:24:27 Energía Eléctrica de CFE Apagada
2022-03-29 04:24:27 Energía Eléctrica de Planta Encendida
2022-03-29 04:26:27 Energía Eléctrica de Planta Apagada
2022-03-29 04:26:27 Energía Eléctrica de CFE Encendida
2022-03-29 04:29:42 Energía Eléctrica de CFE Apagada
2022-03-29 04:29:42 Energía Eléctrica de Planta Encendida
2022-03-29 04:31:42 Energía Eléctrica de Planta Apagada
2022-03-29 04:31:42 Energía Eléctrica de CFE Encendida
2022-03-29 04:34:57 Energía Eléctrica de CFE Apagada
2022-03-29 04:34:57 Energía Eléctrica de Planta Encendida
2022-03-29 04:36:57 Energía Eléctrica de CFE Encendida
2022-03-29 04:36:57 Energía Eléctrica de Planta Apagada
2022-03-29 04:40:12 Energía Eléctrica de Planta Encendida
2022-03-29 04:40:12 Energía Eléctrica de CFE Apagada
2022-03-29 04:42:12 Energía Eléctrica de CFE Encendida
2022-03-29 04:42:12 Energía Eléctrica de Planta Apagada
2022-03-29 04:45:27 Energía Eléctrica de CFE Apagada
2022-03-29 04:45:27 Energía Eléctrica de Planta Encendida
2022-03-29 04:47:28 Energía Eléctrica de Planta Apagada
2022-03-29 04:47:28 Energía Eléctrica de CFE Encendida
2022-03-29 04:50:43 Energía Eléctrica de CFE Apagada
2022-03-29 04:50:43 Energía Eléctrica de Planta Encendida
2022-03-29 04:52:43 Energía Eléctrica de Planta Apagada
2022-03-29 04:52:43 Energía Eléctrica de CFE Encendida
2022-03-29 04:55:58 Energía Eléctrica de CFE Apagada
2022-03-29 04:55:58 Energía Eléctrica de Planta Encendida
2022-03-29 04:57:58 Energía Eléctrica de Planta Apagada
2022-03-29 04:57:58 Energía Eléctrica de CFE Encendida
2022-03-29 05:01:13 Energía Eléctrica de Planta Encendida
2022-03-29 05:01:13 Energía Eléctrica de CFE Apagada
2022-03-29 05:03:13 Energía Eléctrica de CFE Encendida
2022-03-29 05:03:13 Energía Eléctrica de Planta Apagada
2022-03-29 05:06:28 Energía Eléctrica de CFE Apagada
2022-03-29 05:06:28 Energía Eléctrica de Planta Encendida
2022-03-29 05:08:28 Energía Eléctrica de CFE Encendida
2022-03-29 05:08:28 Energía Eléctrica de Planta Apagada
2022-03-29 05:11:44 Energía Eléctrica de Planta Encendida
2022-03-29 05:11:44 Energía Eléctrica de CFE Apagada
2022-03-29 05:13:44 Energía Eléctrica de CFE Encendida
2022-03-29 05:13:44 Energía Eléctrica de Planta Apagada
2022-03-29 05:16:59 Energía Eléctrica de CFE Apagada
2022-03-29 05:16:59 Energía Eléctrica de Planta Encendida
2022-03-29 05:18:59 Energía Eléctrica de Planta Apagada
2022-03-29 05:18:59 Energía Eléctrica de CFE Encendida
2022-03-29 05:22:14 Energía Eléctrica de Planta Encendida
2022-03-29 05:22:14 Energía Eléctrica de CFE Apagada
2022-03-29 05:24:14 Energía Eléctrica de Planta Apagada
2022-03-29 05:24:14 Energía Eléctrica de CFE Encendida
2022-03-29 05:27:29 Energía Eléctrica de CFE Apagada
2022-03-29 05:27:29 Energía Eléctrica de Planta Encendida
2022-03-29 05:29:29 Energía Eléctrica de Planta Apagada
2022-03-29 05:29:29 Energía Eléctrica de CFE Encendida
2022-03-29 05:32:44 Energía Eléctrica de CFE Apagada
2022-03-29 05:32:44 Energía Eléctrica de Planta Encendida
2022-03-29 05:34:45 Energía Eléctrica de Planta Apagada
2022-03-29 05:34:45 Energía Eléctrica de CFE Encendida
2022-03-29 05:38:00 Energía Eléctrica de Planta Encendida
2022-03-29 05:38:00 Energía Eléctrica de CFE Apagada
2022-03-29 05:40:00 Energía Eléctrica de Planta Apagada
2022-03-29 05:40:00 Energía Eléctrica de CFE Encendida
2022-03-29 05:43:15 Energía Eléctrica de CFE Apagada
2022-03-29 05:43:15 Energía Eléctrica de Planta Encendida
2022-03-29 05:45:15 Energía Eléctrica de Planta Apagada
2022-03-29 05:45:15 Energía Eléctrica de CFE Encendida
2022-03-29 05:48:30 Energía Eléctrica de CFE Apagada
2022-03-29 05:48:30 Energía Eléctrica de Planta Encendida
2022-03-29 05:50:30 Energía Eléctrica de Planta Apagada
2022-03-29 05:50:30 Energía Eléctrica de CFE Encendida
2022-03-29 05:53:45 Energía Eléctrica de CFE Apagada
2022-03-29 05:53:45 Energía Eléctrica de Planta Encendida
2022-03-29 05:55:45 Energía Eléctrica de Planta Apagada
2022-03-29 05:55:45 Energía Eléctrica de CFE Encendida
2022-03-29 05:59:00 Energía Eléctrica de CFE Apagada
2022-03-29 05:59:00 Energía Eléctrica de Planta Encendida
2022-03-29 06:01:01 Energía Eléctrica de CFE Encendida
2022-03-29 06:01:01 Energía Eléctrica de Planta Apagada
2022-03-29 06:04:16 Energía Eléctrica de Planta Encendida
2022-03-29 06:04:16 Energía Eléctrica de CFE Apagada
2022-03-29 06:06:16 Energía Eléctrica de Planta Apagada
2022-03-29 06:06:16 Energía Eléctrica de CFE Encendida
2022-03-29 06:09:31 Energía Eléctrica de CFE Apagada
2022-03-29 06:09:31 Energía Eléctrica de Planta Encendida
2022-03-29 06:11:31 Energía Eléctrica de Planta Apagada
2022-03-29 06:11:31 Energía Eléctrica de CFE Encendida
2022-03-29 06:14:46 Energía Eléctrica de Planta Encendida
2022-03-29 06:14:46 Energía Eléctrica de CFE Apagada
2022-03-29 06:16:46 Energía Eléctrica de Planta Apagada
2022-03-29 06:16:46 Energía Eléctrica de CFE Encendida
2022-03-29 06:20:01 Energía Eléctrica de CFE Apagada
2022-03-29 06:20:01 Energía Eléctrica de Planta Encendida
2022-03-29 06:22:01 Energía Eléctrica de CFE Encendida
2022-03-29 06:22:01 Energía Eléctrica de Planta Apagada
2022-03-29 06:25:16 Energía Eléctrica de Planta Encendida
2022-03-29 06:25:16 Energía Eléctrica de CFE Apagada
2022-03-29 06:27:17 Energía Eléctrica de CFE Encendida
2022-03-29 06:27:17 Energía Eléctrica de Planta Apagada
2022-03-29 06:30:32 Energía Eléctrica de CFE Apagada
2022-03-29 06:30:32 Energía Eléctrica de Planta Encendida
2022-03-29 06:32:32 Energía Eléctrica de Planta Apagada
2022-03-29 06:32:32 Energía Eléctrica de CFE Encendida
2022-03-29 06:35:47 Energía Eléctrica de Planta Encendida
2022-03-29 06:35:47 Energía Eléctrica de CFE Apagada
2022-03-29 06:37:47 Energía Eléctrica de CFE Encendida
2022-03-29 06:37:47 Energía Eléctrica de Planta Apagada
2022-03-29 06:41:02 Energía Eléctrica de Planta Encendida
2022-03-29 06:41:02 Energía Eléctrica de CFE Apagada
2022-03-29 06:43:02 Energía Eléctrica de CFE Encendida
2022-03-29 06:43:02 Energía Eléctrica de Planta Apagada
2022-03-29 06:46:17 Energía Eléctrica de CFE Apagada
2022-03-29 06:46:17 Energía Eléctrica de Planta Encendida
2022-03-29 06:48:17 Energía Eléctrica de Planta Apagada
2022-03-29 06:48:17 Energía Eléctrica de CFE Encendida
2022-03-29 06:51:32 Energía Eléctrica de Planta Encendida
2022-03-29 06:51:32 Energía Eléctrica de CFE Apagada
2022-03-29 06:53:32 Energía Eléctrica de CFE Encendida
2022-03-29 06:53:32 Energía Eléctrica de Planta Apagada
2022-03-29 06:56:48 Energía Eléctrica de Planta Encendida
2022-03-29 06:56:48 Energía Eléctrica de CFE Apagada
2022-03-29 06:58:48 Energía Eléctrica de Planta Apagada
2022-03-29 06:58:48 Energía Eléctrica de CFE Encendida
2022-03-29 07:02:03 Energía Eléctrica de CFE Apagada
2022-03-29 07:02:03 Energía Eléctrica de Planta Encendida
2022-03-29 07:04:03 Energía Eléctrica de Planta Apagada
2022-03-29 07:04:03 Energía Eléctrica de CFE Encendida
2022-03-29 07:07:18 Energía Eléctrica de Planta Encendida
2022-03-29 07:07:18 Energía Eléctrica de CFE Apagada
2022-03-29 07:09:18 Energía Eléctrica de CFE Encendida
2022-03-29 07:09:18 Energía Eléctrica de Planta Apagada
2022-03-29 07:12:33 Energía Eléctrica de CFE Apagada
2022-03-29 07:12:33 Energía Eléctrica de Planta Encendida
2022-03-29 07:14:33 Energía Eléctrica de CFE Encendida
2022-03-29 07:14:33 Energía Eléctrica de Planta Apagada
2022-03-29 07:17:48 Energía Eléctrica de Planta Encendida
2022-03-29 07:17:48 Energía Eléctrica de CFE Apagada
2022-03-29 07:19:49 Energía Eléctrica de Planta Apagada
2022-03-29 07:19:49 Energía Eléctrica de CFE Encendida
2022-03-29 07:23:04 Energía Eléctrica de CFE Apagada
2022-03-29 07:23:04 Energía Eléctrica de Planta Encendida
2022-03-29 07:25:04 Energía Eléctrica de CFE Encendida
2022-03-29 07:25:04 Energía Eléctrica de Planta Apagada
2022-03-29 07:28:19 Energía Eléctrica de Planta Encendida
2022-03-29 07:28:19 Energía Eléctrica de CFE Apagada
2022-03-29 07:30:19 Energía Eléctrica de CFE Encendida
2022-03-29 07:30:19 Energía Eléctrica de Planta Apagada
2022-03-29 07:33:34 Energía Eléctrica de CFE Apagada
2022-03-29 07:33:34 Energía Eléctrica de Planta Encendida
2022-03-29 07:35:34 Energía Eléctrica de Planta Apagada
2022-03-29 07:35:34 Energía Eléctrica de CFE Encendida
2022-03-29 07:38:49 Energía Eléctrica de CFE Apagada
2022-03-29 07:38:49 Energía Eléctrica de Planta Encendida
2022-03-29 07:40:49 Energía Eléctrica de Planta Apagada
2022-03-29 07:40:49 Energía Eléctrica de CFE Encendida
2022-03-29 07:44:04 Energía Eléctrica de CFE Apagada
2022-03-29 07:44:04 Energía Eléctrica de Planta Encendida
2022-03-29 07:46:04 Energía Eléctrica de Planta Apagada
2022-03-29 07:46:04 Energía Eléctrica de CFE Encendida
2022-03-29 07:46:50 Energía Eléctrica de CFE Encendida
2022-03-29 07:46:50 Energía Eléctrica de Planta Apagada
2022-03-29 07:46:50 Energía Eléctrica de Carga Encendida
2022-03-29 07:48:20 Energía Eléctrica de CFE Apagada
2022-03-29 07:48:20 Energía Eléctrica de Planta Encendida
3/29/2022, 12:51:17 Energía Eléctrica de Planta Apagada
3/29/2022, 12:51:17 Energía Eléctrica de CFE Encendida
3/29/2022, 12:51:17 Energía Eléctrica de Carga Encendida
3/29/2022, 12:52:47 Energía Eléctrica de CFE Apagada
3/29/2022, 12:52:47 Energía Eléctrica de Planta Encendida
3/29/2022, 12:54:47 Energía Eléctrica de Planta Apagada
3/29/2022, 12:54:47 Energía Eléctrica de CFE Encendida
3/29/2022, 12:55:13 Energía Eléctrica de CFE Encendida
3/29/2022, 12:55:13 Energía Eléctrica de Planta Apagada
3/29/2022, 12:55:13 Energía Eléctrica de Carga Encendida
3/29/2022, 12:56:52 Energía Eléctrica de CFE Encendida
3/29/2022, 12:56:52 Energía Eléctrica de Planta Apagada
3/29/2022, 12:56:52 Energía Eléctrica de Carga Encendida
2022-02-29 01:48:08 Energía Eléctrica de CFE Encendida
2022-02-29 01:48:08 Energía Eléctrica de Planta Apagada
2022-02-29 01:48:08 Energía Eléctrica de Carga Encendida
2022-02-29 01:49:37 Energía Eléctrica de CFE Apagada
2022-02-29 01:49:37 Energía Eléctrica de Planta Encendida
2022-03-29 01:50:15 Energía Eléctrica de CFE Encendida
2022-03-29 01:50:15 Energía Eléctrica de Planta Apagada
2022-03-29 01:50:15 Energía Eléctrica de Carga Encendida
2022-03-29 01:51:45 Energía Eléctrica de CFE Apagada
2022-03-29 01:51:45 Energía Eléctrica de Planta Encendida
2022-03-29 01:52:47 Energía Eléctrica de CFE Encendida
2022-03-29 01:52:47 Energía Eléctrica de Planta Apagada
2022-03-29 01:52:47 Energía Eléctrica de Carga Encendida
2022-03-29 01:53:27 Energía Eléctrica de Planta Apagada
2022-03-29 01:53:27 Energía Eléctrica de CFE Encendida
2022-03-29 01:53:27 Energía Eléctrica de Carga Encendida
2022-03-29 01:54:04 Energía Eléctrica de Planta Apagada
2022-03-29 01:54:04 Energía Eléctrica de CFE Encendida
2022-03-29 01:54:04 Energía Eléctrica de Carga Encendida
2022-03-29 01:55:34 Energía Eléctrica de CFE Apagada
2022-03-29 01:55:34 Energía Eléctrica de Planta Encendida
2022-03-29 01:55:53 Energía Eléctrica de CFE Encendida
2022-03-29 01:55:53 Energía Eléctrica de Planta Apagada
2022-03-29 01:55:53 Energía Eléctrica de Carga Encendida
2022-03-29 01:56:13 Energía Eléctrica de Planta Apagada
2022-03-29 01:56:13 Energía Eléctrica de CFE Encendida
2022-03-29 01:56:13 Energía Eléctrica de Carga Encendida
2022-03-29 01:57:43 Energía Eléctrica de Planta Encendida
2022-03-29 01:57:43 Energía Eléctrica de CFE Apagada
2022-03-29 01:59:43 Energía Eléctrica de CFE Encendida
2022-03-29 01:59:43 Energía Eléctrica de Planta Apagada
2022-03-29 02:02:58 Energía Eléctrica de Planta Encendida
2022-03-29 02:02:58 Energía Eléctrica de CFE Apagada
2022-03-29 02:04:58 Energía Eléctrica de Planta Apagada
2022-03-29 02:04:58 Energía Eléctrica de CFE Encendida
2022-03-29 02:08:13 Energía Eléctrica de CFE Apagada
2022-03-29 02:08:13 Energía Eléctrica de Planta Encendida
2022-03-29 02:10:13 Energía Eléctrica de CFE Encendida
2022-03-29 02:10:13 Energía Eléctrica de Planta Apagada
2022-03-29 02:13:28 Energía Eléctrica de CFE Apagada
2022-03-29 02:13:28 Energía Eléctrica de Planta Encendida
2022-03-29 02:15:29 Energía Eléctrica de Planta Apagada
2022-03-29 02:15:29 Energía Eléctrica de CFE Encendida
2022-03-29 02:18:44 Energía Eléctrica de CFE Apagada
2022-03-29 02:18:44 Energía Eléctrica de Planta Encendida
2022-03-29 02:20:44 Energía Eléctrica de CFE Encendida
2022-03-29 02:20:44 Energía Eléctrica de Planta Apagada
2022-03-29 02:23:59 Energía Eléctrica de CFE Apagada
2022-03-29 02:23:59 Energía Eléctrica de Planta Encendida
2022-03-29 02:25:59 Energía Eléctrica de CFE Encendida
2022-03-29 02:25:59 Energía Eléctrica de Planta Apagada
2022-03-29 02:29:14 Energía Eléctrica de Planta Encendida
2022-03-29 02:29:14 Energía Eléctrica de CFE Apagada
2022-03-29 02:31:14 Energía Eléctrica de Planta Apagada
2022-03-29 02:31:14 Energía Eléctrica de CFE Encendida
2022-03-29 02:34:29 Energía Eléctrica de CFE Apagada
2022-03-29 02:34:29 Energía Eléctrica de Planta Encendida
2022-03-29 02:36:29 Energía Eléctrica de CFE Encendida
2022-03-29 02:36:29 Energía Eléctrica de Planta Apagada
2022-03-29 02:39:44 Energía Eléctrica de Planta Encendida
2022-03-29 02:39:44 Energía Eléctrica de CFE Apagada
2022-03-29 02:41:44 Energía Eléctrica de Planta Apagada
2022-03-29 02:41:44 Energía Eléctrica de CFE Encendida
2022-03-29 02:45:00 Energía Eléctrica de Planta Encendida
2022-03-29 02:45:00 Energía Eléctrica de CFE Apagada
2022-03-29 02:47:00 Energía Eléctrica de Planta Apagada
2022-03-29 02:47:00 Energía Eléctrica de CFE Encendida
2022-03-29 02:50:15 Energía Eléctrica de CFE Apagada
2022-03-29 02:50:15 Energía Eléctrica de Planta Encendida
2022-03-29 02:52:15 Energía Eléctrica de CFE Encendida
2022-03-29 02:52:15 Energía Eléctrica de Planta Apagada
2022-03-29 02:55:30 Energía Eléctrica de Planta Encendida
2022-03-29 02:55:30 Energía Eléctrica de CFE Apagada
2022-03-29 02:57:30 Energía Eléctrica de Planta Apagada
2022-03-29 02:57:30 Energía Eléctrica de CFE Encendida
2022-03-29 03:00:45 Energía Eléctrica de CFE Apagada
2022-03-29 03:00:45 Energía Eléctrica de Planta Encendida
2022-03-29 03:02:45 Energía Eléctrica de Planta Apagada
2022-03-29 03:02:45 Energía Eléctrica de CFE Encendida
2022-03-29 03:06:00 Energía Eléctrica de CFE Apagada
2022-03-29 03:06:00 Energía Eléctrica de Planta Encendida
2022-03-29 03:08:00 Energía Eléctrica de CFE Encendida
2022-03-29 03:08:00 Energía Eléctrica de Planta Apagada
2022-03-29 03:11:15 Energía Eléctrica de Planta Encendida
2022-03-29 03:11:15 Energía Eléctrica de CFE Apagada
2022-03-29 03:13:15 Energía Eléctrica de CFE Encendida
2022-03-29 03:13:15 Energía Eléctrica de Planta Apagada
2022-03-29 03:16:31 Energía Eléctrica de CFE Apagada
2022-03-29 03:16:31 Energía Eléctrica de Planta Encendida
2022-03-29 03:18:31 Energía Eléctrica de Planta Apagada
2022-03-29 03:18:31 Energía Eléctrica de CFE Encendida
2022-03-29 03:21:46 Energía Eléctrica de Planta Encendida
2022-03-29 03:21:46 Energía Eléctrica de CFE Apagada
2022-03-29 11:16:54 Energía Eléctrica de Planta Apagada
2022-03-29 11:16:54 Energía Eléctrica de Carga Encendida
2022-03-29 11:16:54 Energía Eléctrica de CFE Encendida
2022-03-29 11:18:24 Energía Eléctrica de CFE Apagada
2022-03-29 11:18:24 Energía Eléctrica de Planta Encendida
2022-03-29 11:20:24 Energía Eléctrica de CFE Encendida
2022-03-29 11:20:24 Energía Eléctrica de Planta Apagada
2022-03-29 11:23:39 Energía Eléctrica de CFE Apagada
2022-03-29 11:23:39 Energía Eléctrica de Planta Encendida
2022-03-29 11:25:39 Energía Eléctrica de CFE Encendida
2022-03-29 11:25:39 Energía Eléctrica de Planta Apagada
2022-03-29 11:28:54 Energía Eléctrica de CFE Apagada
2022-03-29 11:28:54 Energía Eléctrica de Planta Encendida
2022-03-29 11:30:54 Energía Eléctrica de CFE Encendida
2022-03-29 11:30:54 Energía Eléctrica de Planta Apagada
2022-03-29 11:34:09 Energía Eléctrica de CFE Apagada
2022-03-29 11:34:09 Energía Eléctrica de Planta Encendida
2022-03-29 11:36:09 Energía Eléctrica de CFE Encendida
2022-03-29 11:36:09 Energía Eléctrica de Planta Apagada
2022-03-29 11:39:25 Energía Eléctrica de Planta Encendida
2022-03-29 11:39:25 Energía Eléctrica de CFE Apagada
2022-03-29 11:56:17 Energía Eléctrica de CFE Encendida
2022-03-29 11:56:17 Energía Eléctrica de Planta Apagada
2022-03-29 11:56:17 Energía Eléctrica de Carga Encendida
2022-03-29 11:58:27 Energía Eléctrica de CFE Encendida
2022-03-29 11:58:27 Energía Eléctrica de Planta Apagada
2022-03-29 11:58:27 Energía Eléctrica de Carga Encendida
2022-03-29 12:00:12 Energía Eléctrica de Planta Apagada
2022-03-29 12:00:12 Energía Eléctrica de CFE Encendida
2022-03-29 12:00:12 Energía Eléctrica de Carga Encendida
2022-03-29 12:00:50 Energía Eléctrica de CFE Encendida
2022-03-29 12:00:50 Energía Eléctrica de Planta Apagada
2022-03-29 12:00:50 Energía Eléctrica de Carga Encendida
2022-03-29 12:02:04 Energía Eléctrica de Planta Apagada
2022-03-29 12:02:04 Energía Eléctrica de CFE Encendida
2022-03-29 12:02:04 Energía Eléctrica de Carga Encendida
2022-03-29 12:04:16 Energía Eléctrica de CFE Encendida
2022-03-29 12:04:16 Energía Eléctrica de Planta Apagada
2022-03-29 12:04:16 Energía Eléctrica de Carga Encendida
2022-03-29 12:05:38 Energía Eléctrica de CFE Encendida
2022-03-29 12:05:38 Energía Eléctrica de Planta Apagada
2022-03-29 12:05:38 Energía Eléctrica de Carga Encendida
2022-03-29 12:06:16 Energía Eléctrica de CFE Encendida
2022-03-29 12:06:16 Energía Eléctrica de Planta Apagada
2022-03-29 12:06:16 Energía Eléctrica de Carga Encendida
2022-03-29 12:07:29 Energía Eléctrica de Planta Apagada
2022-03-29 12:07:29 Energía Eléctrica de CFE Encendida
2022-03-29 12:07:29 Energía Eléctrica de Carga Encendida
2022-03-29 12:18:13 Energía Eléctrica de CFE Encendida
2022-03-29 12:18:13 Energía Eléctrica de Planta Apagada
2022-03-29 12:18:13 Energía Eléctrica de Carga Encendida
2022-03-29 12:19:47 Energía Eléctrica de Planta Apagada
2022-03-29 12:19:47 Energía Eléctrica de CFE Encendida
2022-03-29 12:19:47 Energía Eléctrica de Carga Encendida
2022-03-29 12:21:17 Energía Eléctrica de CFE Apagada
2022-03-29 12:21:17 Energía Eléctrica de Planta Encendida
2022-03-29 12:23:17 Energía Eléctrica de CFE Encendida
2022-03-29 12:23:17 Energía Eléctrica de Planta Apagada
2022-03-29 12:26:32 Energía Eléctrica de CFE Apagada
2022-03-29 12:26:32 Energía Eléctrica de Planta Encendida
2022-03-29 12:28:32 Energía Eléctrica de CFE Encendida
2022-03-29 12:28:32 Energía Eléctrica de Planta Apagada
2022-03-29 12:31:47 Energía Eléctrica de CFE Apagada
2022-03-29 12:31:47 Energía Eléctrica de Planta Encendida
2022-03-29 12:33:47 Energía Eléctrica de Planta Apagada
2022-03-29 12:33:47 Energía Eléctrica de CFE Encendida
2022-03-29 12:37:02 Energía Eléctrica de Planta Encendida
2022-03-29 12:37:02 Energía Eléctrica de CFE Apagada
2022-03-29 12:39:02 Energía Eléctrica de Planta Apagada
2022-03-29 12:39:02 Energía Eléctrica de CFE Encendida
2022-03-29 12:44:19 Energía Eléctrica de CFE Encendida
2022-03-29 12:44:19 Energía Eléctrica de Planta Apagada
2022-03-29 12:44:19 Energía Eléctrica de Carga Encendida
2022-03-29 12:44:56 Energía Eléctrica de Planta Apagada
2022-03-29 12:44:56 Energía Eléctrica de CFE Encendida
2022-03-29 12:44:56 Energía Eléctrica de Carga Encendida
2022-03-29 12:46:26 Energía Eléctrica de CFE Apagada
2022-03-29 12:46:26 Energía Eléctrica de Planta Encendida
2022-03-29 12:48:26 Energía Eléctrica de CFE Encendida
2022-03-29 12:48:26 Energía Eléctrica de Planta Apagada
2022-03-29 12:51:41 Energía Eléctrica de Planta Encendida
2022-03-29 12:51:41 Energía Eléctrica de CFE Apagada
2022-03-29 12:53:41 Energía Eléctrica de CFE Encendida
2022-03-29 12:53:41 Energía Eléctrica de Planta Apagada
2022-03-29 12:56:56 Energía Eléctrica de CFE Apagada
2022-03-29 12:56:56 Energía Eléctrica de Planta Encendida
2022-03-29 12:58:56 Energía Eléctrica de CFE Encendida
2022-03-29 12:58:56 Energía Eléctrica de Planta Apagada
2022-03-29 13:02:11 Energía Eléctrica de CFE Apagada
2022-03-29 13:02:11 Energía Eléctrica de Planta Encendida
2022-03-29 13:04:11 Energía Eléctrica de Planta Apagada
2022-03-29 13:04:11 Energía Eléctrica de CFE Encendida
2022-03-29 13:07:26 Energía Eléctrica de CFE Apagada
2022-03-29 13:07:26 Energía Eléctrica de Planta Encendida
2022-03-29 13:09:26 Energía Eléctrica de CFE Encendida
2022-03-29 13:09:26 Energía Eléctrica de Planta Apagada
2022-03-29 13:12:41 Energía Eléctrica de CFE Apagada
2022-03-29 13:12:41 Energía Eléctrica de Planta Encendida
2022-03-29 13:14:41 Energía Eléctrica de CFE Encendida
2022-03-29 13:14:41 Energía Eléctrica de Planta Apagada
2022-03-29 13:17:57 Energía Eléctrica de CFE Apagada
2022-03-29 13:17:57 Energía Eléctrica de Planta Encendida
2022-03-29 13:19:57 Energía Eléctrica de CFE Encendida
2022-03-29 13:19:57 Energía Eléctrica de Planta Apagada
2022-03-29 13:23:12 Energía Eléctrica de Planta Encendida
2022-03-29 13:23:12 Energía Eléctrica de CFE Apagada
2022-03-29 13:25:12 Energía Eléctrica de Planta Apagada
2022-03-29 13:25:12 Energía Eléctrica de CFE Encendida
2022-03-29 13:28:27 Energía Eléctrica de CFE Apagada
2022-03-29 13:28:27 Energía Eléctrica de Planta Encendida
2022-03-29 13:30:27 Energía Eléctrica de CFE Encendida
2022-03-29 13:30:27 Energía Eléctrica de Planta Apagada
2022-03-29 13:33:42 Energía Eléctrica de CFE Apagada
2022-03-29 13:33:42 Energía Eléctrica de Planta Encendida
2022-03-29 13:35:42 Energía Eléctrica de CFE Encendida
2022-03-29 13:35:42 Energía Eléctrica de Planta Apagada
2022-03-29 13:38:57 Energía Eléctrica de Planta Encendida
2022-03-29 13:38:57 Energía Eléctrica de CFE Apagada
2022-03-29 13:40:57 Energía Eléctrica de CFE Encendida
2022-03-29 13:40:57 Energía Eléctrica de Planta Apagada
2022-03-29 13:44:12 Energía Eléctrica de Planta Encendida
2022-03-29 13:44:12 Energía Eléctrica de CFE Apagada
2022-03-29 13:46:12 Energía Eléctrica de Planta Apagada
2022-03-29 13:46:12 Energía Eléctrica de CFE Encendida
2022-03-29 13:49:28 Energía Eléctrica de Planta Encendida
2022-03-29 13:49:28 Energía Eléctrica de CFE Apagada
2022-03-29 13:51:28 Energía Eléctrica de Planta Apagada
2022-03-29 13:51:28 Energía Eléctrica de CFE Encendida
2022-03-29 13:54:43 Energía Eléctrica de Planta Encendida
2022-03-29 13:54:43 Energía Eléctrica de CFE Apagada
2022-03-29 13:56:43 Energía Eléctrica de CFE Encendida
2022-03-29 13:56:43 Energía Eléctrica de Planta Apagada
2022-03-29 13:59:58 Energía Eléctrica de CFE Apagada
2022-03-29 13:59:58 Energía Eléctrica de Planta Encendida
2022-03-29 14:01:58 Energía Eléctrica de CFE Encendida
2022-03-29 14:01:58 Energía Eléctrica de Planta Apagada
2022-03-29 14:05:13 Energía Eléctrica de CFE Apagada
2022-03-29 14:05:13 Energía Eléctrica de Planta Encendida
2022-03-29 14:07:13 Energía Eléctrica de CFE Encendida
2022-03-29 14:07:13 Energía Eléctrica de Planta Apagada
2022-03-29 14:10:28 Energía Eléctrica de CFE Apagada
2022-03-29 14:10:28 Energía Eléctrica de Planta Encendida
2022-03-29 14:12:28 Energía Eléctrica de CFE Encendida
2022-03-29 14:12:28 Energía Eléctrica de Planta Apagada
2022-03-29 14:15:43 Energía Eléctrica de Planta Encendida
2022-03-29 14:15:43 Energía Eléctrica de CFE Apagada
2022-03-29 14:17:44 Energía Eléctrica de CFE Encendida
2022-03-29 14:17:44 Energía Eléctrica de Planta Apagada
2022-03-29 14:20:59 Energía Eléctrica de Planta Encendida
2022-03-29 14:20:59 Energía Eléctrica de CFE Apagada
2022-03-29 14:22:59 Energía Eléctrica de CFE Encendida
2022-03-29 14:22:59 Energía Eléctrica de Planta Apagada
2022-03-29 14:26:14 Energía Eléctrica de CFE Apagada
2022-03-29 14:26:14 Energía Eléctrica de Planta Encendida
2022-03-29 14:28:14 Energía Eléctrica de CFE Encendida
2022-03-29 14:28:14 Energía Eléctrica de Planta Apagada
2022-03-29 14:31:29 Energía Eléctrica de CFE Apagada
2022-03-29 14:31:29 Energía Eléctrica de Planta Encendida
2022-03-29 14:33:29 Energía Eléctrica de CFE Encendida
2022-03-29 14:33:29 Energía Eléctrica de Planta Apagada
2022-03-29 14:36:44 Energía Eléctrica de CFE Apagada
2022-03-29 14:36:44 Energía Eléctrica de Planta Encendida
2022-03-29 14:38:44 Energía Eléctrica de CFE Encendida
2022-03-29 14:38:44 Energía Eléctrica de Planta Apagada
2022-03-29 14:41:59 Energía Eléctrica de Planta Encendida
2022-03-29 14:41:59 Energía Eléctrica de CFE Apagada
2022-03-29 14:43:59 Energía Eléctrica de Planta Apagada
2022-03-29 14:43:59 Energía Eléctrica de CFE Encendida
2022-03-29 14:47:14 Energía Eléctrica de Planta Encendida
2022-03-29 14:47:14 Energía Eléctrica de CFE Apagada
2022-03-29 14:49:15 Energía Eléctrica de CFE Encendida
2022-03-29 14:49:15 Energía Eléctrica de Planta Apagada
2022-03-29 14:52:30 Energía Eléctrica de Planta Encendida
2022-03-29 14:52:30 Energía Eléctrica de CFE Apagada
2022-03-29 14:54:30 Energía Eléctrica de CFE Encendida
2022-03-29 14:54:30 Energía Eléctrica de Planta Apagada
2022-03-29 14:57:45 Energía Eléctrica de CFE Apagada
2022-03-29 14:57:45 Energía Eléctrica de Planta Encendida
2022-03-29 14:59:45 Energía Eléctrica de CFE Encendida
2022-03-29 14:59:45 Energía Eléctrica de Planta Apagada
2022-03-29 15:03:00 Energía Eléctrica de CFE Apagada
2022-03-29 15:03:00 Energía Eléctrica de Planta Encendida
2022-03-29 15:05:00 Energía Eléctrica de CFE Encendida
2022-03-29 15:05:00 Energía Eléctrica de Planta Apagada
2022-03-29 15:08:15 Energía Eléctrica de Planta Encendida
2022-03-29 15:08:15 Energía Eléctrica de CFE Apagada
2022-03-29 15:10:15 Energía Eléctrica de Planta Apagada
2022-03-29 15:10:15 Energía Eléctrica de CFE Encendida
2022-03-29 15:13:30 Energía Eléctrica de CFE Apagada
2022-03-29 15:13:30 Energía Eléctrica de Planta Encendida
2022-03-29 15:15:30 Energía Eléctrica de CFE Encendida
2022-03-29 15:15:30 Energía Eléctrica de Planta Apagada
2022-03-29 15:18:45 Energía Eléctrica de CFE Apagada
2022-03-29 15:18:45 Energía Eléctrica de Planta Encendida
2022-03-29 15:20:46 Energía Eléctrica de CFE Encendida
2022-03-29 15:20:46 Energía Eléctrica de Planta Apagada
2022-03-29 15:24:01 Energía Eléctrica de Planta Encendida
2022-03-29 15:24:01 Energía Eléctrica de CFE Apagada
2022-03-29 15:26:01 Energía Eléctrica de Planta Apagada
2022-03-29 15:26:01 Energía Eléctrica de CFE Encendida
2022-03-29 15:29:16 Energía Eléctrica de CFE Apagada
2022-03-29 15:29:16 Energía Eléctrica de Planta Encendida
2022-03-29 15:31:16 Energía Eléctrica de CFE Encendida
2022-03-29 15:31:16 Energía Eléctrica de Planta Apagada
2022-03-29 15:34:31 Energía Eléctrica de Planta Encendida
2022-03-29 15:34:31 Energía Eléctrica de CFE Apagada
2022-03-29 15:36:31 Energía Eléctrica de Planta Apagada
2022-03-29 15:36:31 Energía Eléctrica de CFE Encendida
2022-03-29 15:39:46 Energía Eléctrica de Planta Encendida
2022-03-29 15:39:46 Energía Eléctrica de CFE Apagada
2022-03-29 15:41:46 Energía Eléctrica de CFE Encendida
2022-03-29 15:41:46 Energía Eléctrica de Planta Apagada
2022-03-29 15:45:01 Energía Eléctrica de CFE Apagada
2022-03-29 15:45:01 Energía Eléctrica de Planta Encendida
2022-03-29 15:47:01 Energía Eléctrica de CFE Encendida
2022-03-29 15:47:01 Energía Eléctrica de Planta Apagada
2022-03-29 15:50:17 Energía Eléctrica de Planta Encendida
2022-03-29 15:50:17 Energía Eléctrica de CFE Apagada
2022-03-29 15:52:17 Energía Eléctrica de CFE Encendida
2022-03-29 15:52:17 Energía Eléctrica de Planta Apagada
2022-03-29 15:55:32 Energía Eléctrica de Planta Encendida
2022-03-29 15:55:32 Energía Eléctrica de CFE Apagada
2022-03-29 15:57:32 Energía Eléctrica de Planta Apagada
2022-03-29 15:57:32 Energía Eléctrica de CFE Encendida
2022-03-29 16:00:47 Energía Eléctrica de Planta Encendida
2022-03-29 16:00:47 Energía Eléctrica de CFE Apagada
2022-03-29 16:02:47 Energía Eléctrica de Planta Apagada
2022-03-29 16:02:47 Energía Eléctrica de CFE Encendida
2022-03-29 16:06:02 Energía Eléctrica de CFE Apagada
2022-03-29 16:06:02 Energía Eléctrica de Planta Encendida
2022-03-29 16:08:02 Energía Eléctrica de CFE Encendida
2022-03-29 16:08:02 Energía Eléctrica de Planta Apagada
2022-03-29 16:11:17 Energía Eléctrica de CFE Apagada
2022-03-29 16:11:17 Energía Eléctrica de Planta Encendida
2022-03-29 16:13:17 Energía Eléctrica de CFE Encendida
2022-03-29 16:13:17 Energía Eléctrica de Planta Apagada
2022-03-29 16:16:32 Energía Eléctrica de Planta Encendida
2022-03-29 16:16:32 Energía Eléctrica de CFE Apagada
2022-03-29 16:18:33 Energía Eléctrica de CFE Encendida
2022-03-29 16:18:33 Energía Eléctrica de Planta Apagada
2022-03-29 16:21:48 Energía Eléctrica de CFE Apagada
2022-03-29 16:21:48 Energía Eléctrica de Planta Encendida
2022-03-29 16:23:48 Energía Eléctrica de Planta Apagada
2022-03-29 16:23:48 Energía Eléctrica de CFE Encendida
2022-03-29 16:27:03 Energía Eléctrica de Planta Encendida
2022-03-29 16:27:03 Energía Eléctrica de CFE Apagada
2022-03-29 16:29:03 Energía Eléctrica de Planta Apagada
2022-03-29 16:29:03 Energía Eléctrica de CFE Encendida
2022-03-29 16:32:18 Energía Eléctrica de Planta Encendida
2022-03-29 16:32:18 Energía Eléctrica de CFE Apagada
2022-03-29 16:34:18 Energía Eléctrica de CFE Encendida
2022-03-29 16:34:18 Energía Eléctrica de Planta Apagada
2022-03-29 16:37:33 Energía Eléctrica de CFE Apagada
2022-03-29 16:37:33 Energía Eléctrica de Planta Encendida
2022-03-29 16:39:33 Energía Eléctrica de Planta Apagada
2022-03-29 16:39:33 Energía Eléctrica de CFE Encendida
2022-03-29 16:42:48 Energía Eléctrica de CFE Apagada
2022-03-29 16:42:48 Energía Eléctrica de Planta Encendida
2022-03-29 16:44:48 Energía Eléctrica de CFE Encendida
2022-03-29 16:44:48 Energía Eléctrica de Planta Apagada
2022-03-29 16:48:03 Energía Eléctrica de CFE Apagada
2022-03-29 16:48:03 Energía Eléctrica de Planta Encendida
2022-03-29 16:50:04 Energía Eléctrica de CFE Encendida
2022-03-29 16:50:04 Energía Eléctrica de Planta Apagada
2022-03-29 16:53:19 Energía Eléctrica de Planta Encendida
2022-03-29 16:53:19 Energía Eléctrica de CFE Apagada
2022-03-29 16:55:19 Energía Eléctrica de Planta Apagada
2022-03-29 16:55:19 Energía Eléctrica de CFE Encendida
2022-03-29 16:58:34 Energía Eléctrica de CFE Apagada
2022-03-29 16:58:34 Energía Eléctrica de Planta Encendida
