2022-03-25 20:50:46 Energía Eléctrica de Planta Encendida
2022-03-25 20:51:18 Energía Eléctrica de Planta Apagada
2022-03-25 20:51:39 Energía Eléctrica de Carga Encendida
2022-03-25 20:51:39 Energía Eléctrica de Planta Encendida
2022-03-25 20:51:54 Energía Eléctrica de Planta Apagada
2022-03-25 20:52:33 Energía Eléctrica de Planta Apagada
2022-03-25 20:52:33 Energía Eléctrica de Carga Encendida
2022-03-25 20:52:33 Energía Eléctrica de CFE Apagada
2022-03-25 20:52:48 Energía Eléctrica de Planta Encendida
2022-03-25 20:53:48 Energía Eléctrica de Planta Apagada
2022-03-25 20:54:48 Energía Eléctrica de Planta Encendida
2022-03-25 20:55:18 Energía Eléctrica de Planta Apagada
2022-03-25 20:55:48 Energía Eléctrica de Planta Encendida
2022-03-25 20:56:03 Energía Eléctrica de Planta Apagada
2022-03-25 20:56:18 Energía Eléctrica de Planta Encendida
2022-03-25 20:56:33 Energía Eléctrica de Planta Apagada
2022-03-25 20:57:18 Energía Eléctrica de Planta Encendida
2022-03-25 20:57:33 Energía Eléctrica de Planta Apagada
2022-03-25 20:58:23 Energía Eléctrica de Planta Encendida
2022-03-25 20:58:23 Energía Eléctrica de Carga Encendida
2022-03-25 20:58:23 Energía Eléctrica de CFE Apagada
2022-03-25 21:03:08 Energía Eléctrica de Planta Apagada
2022-03-25 21:03:08 Energía Eléctrica de CFE Encendida
2022-03-25 21:03:08 Energía Eléctrica de Carga Encendida
2022-03-25 21:44:55 Energía Eléctrica de Planta Encendida
2022-03-25 21:44:55 Energía Eléctrica de CFE Apagada
2022-03-25 21:44:55 Energía Eléctrica de Carga Encendida
